Start testing: Jul 06 17:52 BST
----------------------------------------------------------
1/4 Testing: ALU Opcodes - Arithmetic and Logic Operations
1/4 Test: ALU Opcodes - Arithmetic and Logic Operations
Command: "/Users/joekenyon/Desktop/intel-8080-emulator-cpp/build/tests/unit_tests" "ALU Opcodes - Arithmetic and Logic Operations"
Directory: /Users/joekenyon/Desktop/intel-8080-emulator-cpp/build/tests
"ALU Opcodes - Arithmetic and Logic Operations" start time: Jul 06 17:52 BST
Output:
----------------------------------------------------------
Filters: "ALU Opcodes - Arithmetic and Logic Operations"
Randomness seeded to: 688595462
===============================================================================
All tests passed (8 assertions in 1 test case)

<end of output>
Test time =   0.01 sec
----------------------------------------------------------
Test Passed.
"ALU Opcodes - Arithmetic and Logic Operations" end time: Jul 06 17:52 BST
"ALU Opcodes - Arithmetic and Logic Operations" time elapsed: 00:00:00
----------------------------------------------------------

2/4 Testing: Move Opcodes - Data Transfer and Stack Frames
2/4 Test: Move Opcodes - Data Transfer and Stack Frames
Command: "/Users/joekenyon/Desktop/intel-8080-emulator-cpp/build/tests/unit_tests" "Move Opcodes - Data Transfer and Stack Frames"
Directory: /Users/joekenyon/Desktop/intel-8080-emulator-cpp/build/tests
"Move Opcodes - Data Transfer and Stack Frames" start time: Jul 06 17:52 BST
Output:
----------------------------------------------------------
Filters: "Move Opcodes - Data Transfer and Stack Frames"
Randomness seeded to: 553595160
===============================================================================
All tests passed (4 assertions in 1 test case)

<end of output>
Test time =   0.01 sec
----------------------------------------------------------
Test Passed.
"Move Opcodes - Data Transfer and Stack Frames" end time: Jul 06 17:52 BST
"Move Opcodes - Data Transfer and Stack Frames" time elapsed: 00:00:00
----------------------------------------------------------

3/4 Testing: System Opcodes - Branching and Control Flow
3/4 Test: System Opcodes - Branching and Control Flow
Command: "/Users/joekenyon/Desktop/intel-8080-emulator-cpp/build/tests/unit_tests" "System Opcodes - Branching and Control Flow"
Directory: /Users/joekenyon/Desktop/intel-8080-emulator-cpp/build/tests
"System Opcodes - Branching and Control Flow" start time: Jul 06 17:52 BST
Output:
----------------------------------------------------------
Filters: "System Opcodes - Branching and Control Flow"
Randomness seeded to: 181666305
===============================================================================
All tests passed (2 assertions in 1 test case)

<end of output>
Test time =   0.01 sec
----------------------------------------------------------
Test Passed.
"System Opcodes - Branching and Control Flow" end time: Jul 06 17:52 BST
"System Opcodes - Branching and Control Flow" time elapsed: 00:00:00
----------------------------------------------------------

4/4 Testing: CPU Diagnostic Test ROM
4/4 Test: CPU Diagnostic Test ROM
Command: "/Users/joekenyon/Desktop/intel-8080-emulator-cpp/build/tests/unit_tests" "CPU Diagnostic Test ROM"
Directory: /Users/joekenyon/Desktop/intel-8080-emulator-cpp/build/tests
"CPU Diagnostic Test ROM" start time: Jul 06 17:52 BST
Output:
----------------------------------------------------------
Filters: "CPU Diagnostic Test ROM"
Randomness seeded to: 1273050157
8080 instruction exerciser
dad <b,d,h,sp>................
[TEST DIAGNOSTIC] Total Steps: 4805 | Final PC: 0x0

~~~~~~~~~~~~~~~~~~~~~~~~~~~~~~~~~~~~~~~~~~~~~~~~~~~~~~~~~~~~~~~~~~~~~~~~~~~~~~~
unit_tests is a Catch2 v3.4.0 host application.
Run with -? for options

-------------------------------------------------------------------------------
CPU Diagnostic Test ROM
-------------------------------------------------------------------------------
/Users/joekenyon/Desktop/intel-8080-emulator-cpp/tests/test_opcodes.cpp:119
...............................................................................

/Users/joekenyon/Desktop/intel-8080-emulator-cpp/tests/test_opcodes.cpp:195: FAILED:
  REQUIRE( passedDiagnostic == true )
with expansion:
  false == true
with message:
  Full Test Terminal Dump: 8080 instruction exerciser
  dad <b,d,h,sp>................

===============================================================================
test cases: 1 | 1 failed
assertions: 3 | 2 passed | 1 failed

<end of output>
Test time =   0.01 sec
----------------------------------------------------------
Test Failed.
"CPU Diagnostic Test ROM" end time: Jul 06 17:52 BST
"CPU Diagnostic Test ROM" time elapsed: 00:00:00
----------------------------------------------------------

End testing: Jul 06 17:52 BST
